Build started 1/27/2015 3:40:12 AM.
     1>Project "C:\Users\Patrick\Documents\GitHub\CSCE463-hw1\hw1\hw1\hw1.vcxproj" on node 2 (Build target(s)).
     1>ClCompile:
         C:\Program Files\Microsoft Visual Studio 12.0\VC\bin\CL.exe /c /ZI /nologo /W3 /WX- /Od /Oy- /D WIN32 /D _DEBUG /D _CONSOLE /D _LIB /D _MBCS /Gm /EHsc /RTC1 /MDd /GS /fp:precise /Zc:wchar_t /Zc:forScope /Fo"Debug\\" /Fd"Debug\vc120.pdb" /Gd /TP /analyze- /errorReport:prompt urlparser.cpp
         urlparser.cpp
     1>c:\users\patrick\documents\github\csce463-hw1\hw1\hw1\urlparser.cpp(27): warning C4996: 'strcpy': This function or variable may be unsafe. Consider using strcpy_s instead. To disable deprecation, use _CRT_SECURE_NO_WARNINGS. See online help for details.
                 c:\program files\microsoft visual studio 12.0\vc\include\string.h(112) : see declaration of 'strcpy'
     1>c:\users\patrick\documents\github\csce463-hw1\hw1\hw1\urlparser.cpp(41): warning C4996: 'strcpy': This function or variable may be unsafe. Consider using strcpy_s instead. To disable deprecation, use _CRT_SECURE_NO_WARNINGS. See online help for details.
                 c:\program files\microsoft visual studio 12.0\vc\include\string.h(112) : see declaration of 'strcpy'
     1>c:\users\patrick\documents\github\csce463-hw1\hw1\hw1\urlparser.cpp(53): warning C4996: 'strtok': This function or variable may be unsafe. Consider using strtok_s instead. To disable deprecation, use _CRT_SECURE_NO_WARNINGS. See online help for details.
                 c:\program files\microsoft visual studio 12.0\vc\include\string.h(204) : see declaration of 'strtok'
     1>c:\users\patrick\documents\github\csce463-hw1\hw1\hw1\urlparser.cpp(65): warning C4996: 'strcpy': This function or variable may be unsafe. Consider using strcpy_s instead. To disable deprecation, use _CRT_SECURE_NO_WARNINGS. See online help for details.
                 c:\program files\microsoft visual studio 12.0\vc\include\string.h(112) : see declaration of 'strcpy'
       Link:
         C:\Program Files\Microsoft Visual Studio 12.0\VC\bin\link.exe /ERRORREPORT:PROMPT /OUT:"C:\Users\Patrick\Documents\GitHub\CSCE463-hw1\hw1\Debug\hw1.exe" /INCREMENTAL /NOLOGO Ws2_32.lib kernel32.lib user32.lib gdi32.lib winspool.lib comdlg32.lib advapi32.lib shell32.lib ole32.lib oleaut32.lib uuid.lib odbc32.lib odbccp32.lib /MANIFEST /MANIFESTUAC:"level='asInvoker' uiAccess='false'" /manifest:embed /DEBUG /PDB:"C:\Users\Patrick\Documents\GitHub\CSCE463-hw1\hw1\Debug\hw1.pdb" /SUBSYSTEM:CONSOLE /TLBID:1 /DYNAMICBASE /NXCOMPAT /IMPLIB:"C:\Users\Patrick\Documents\GitHub\CSCE463-hw1\hw1\Debug\hw1.lib" /MACHINE:X86 Debug\htmlparser.obj
         Debug\HTMLParserTest.obj
         Debug\main.obj
         Debug\client.obj
         Debug\requestmaker.obj
         Debug\Socket.obj
         Debug\stdafx.obj
         Debug\urlparser.obj
         hw1.vcxproj -> C:\Users\Patrick\Documents\GitHub\CSCE463-hw1\hw1\Debug\hw1.exe
     1>Done Building Project "C:\Users\Patrick\Documents\GitHub\CSCE463-hw1\hw1\hw1\hw1.vcxproj" (Build target(s)).

Build succeeded.

Time Elapsed 00:00:01.60
