c:\users\patrick\documents\github\csce463-hw1\hw1\hw1\debug\vc120.pdb
c:\users\patrick\documents\github\csce463-hw1\hw1\hw1\debug\vc120.idb
c:\users\patrick\documents\github\csce463-hw1\hw1\hw1\debug\hw1.obj
c:\users\patrick\documents\github\csce463-hw1\hw1\hw1\debug\stdafx.obj
c:\users\patrick\documents\github\csce463-hw1\hw1\hw1\debug\urlparser.obj
c:\users\patrick\documents\github\csce463-hw1\hw1\hw1\debug\requestmaker.obj
c:\users\patrick\documents\github\csce463-hw1\hw1\hw1\debug\networker.obj
c:\users\patrick\documents\github\csce463-hw1\hw1\hw1\debug\client.obj
c:\users\patrick\documents\github\csce463-hw1\hw1\debug\hw1.ilk
c:\users\patrick\documents\github\csce463-hw1\hw1\debug\hw1.exe
c:\users\patrick\documents\github\csce463-hw1\hw1\debug\hw1.pdb
c:\users\patrick\documents\github\csce463-hw1\hw1\hw1\debug\hw1.tlog\cl.command.1.tlog
c:\users\patrick\documents\github\csce463-hw1\hw1\hw1\debug\hw1.tlog\cl.read.1.tlog
c:\users\patrick\documents\github\csce463-hw1\hw1\hw1\debug\hw1.tlog\cl.write.1.tlog
c:\users\patrick\documents\github\csce463-hw1\hw1\hw1\debug\hw1.tlog\link-cvtres.read.1.tlog
c:\users\patrick\documents\github\csce463-hw1\hw1\hw1\debug\hw1.tlog\link-cvtres.write.1.tlog
c:\users\patrick\documents\github\csce463-hw1\hw1\hw1\debug\hw1.tlog\link-rc.read.1.tlog
c:\users\patrick\documents\github\csce463-hw1\hw1\hw1\debug\hw1.tlog\link-rc.write.1.tlog
c:\users\patrick\documents\github\csce463-hw1\hw1\hw1\debug\hw1.tlog\link.4848-cvtres.read.1.tlog
c:\users\patrick\documents\github\csce463-hw1\hw1\hw1\debug\hw1.tlog\link.4848-cvtres.write.1.tlog
c:\users\patrick\documents\github\csce463-hw1\hw1\hw1\debug\hw1.tlog\link.4848-rc.read.1.tlog
c:\users\patrick\documents\github\csce463-hw1\hw1\hw1\debug\hw1.tlog\link.4848-rc.write.1.tlog
c:\users\patrick\documents\github\csce463-hw1\hw1\hw1\debug\hw1.tlog\link.4848.read.1.tlog
c:\users\patrick\documents\github\csce463-hw1\hw1\hw1\debug\hw1.tlog\link.4848.write.1.tlog
c:\users\patrick\documents\github\csce463-hw1\hw1\hw1\debug\hw1.tlog\link.command.1.tlog
c:\users\patrick\documents\github\csce463-hw1\hw1\hw1\debug\hw1.tlog\link.read.1.tlog
c:\users\patrick\documents\github\csce463-hw1\hw1\hw1\debug\hw1.tlog\link.write.1.tlog
